#
# There is insufficient memory for the Java Runtime Environment to continue.
# Native memory allocation (mmap) failed to map 266338304 bytes for Failed to commit area from 0x0000000702000000 to 0x0000000711e00000 of length 266338304.
# Possible reasons:
#   The system is out of physical RAM or swap space
#   The process is running with CompressedOops enabled, and the Java Heap may be blocking the growth of the native heap
# Possible solutions:
#   Reduce memory load on the system
#   Increase physical memory or swap space
#   Check if swap backing store is full
#   Decrease Java heap size (-Xmx/-Xms)
#   Decrease number of Java threads
#   Decrease Java thread stack sizes (-Xss)
#   Set larger code cache with -XX:ReservedCodeCacheSize=
# This output file may be truncated or incomplete.
#
#  Out of Memory Error (./src/hotspot/os/windows/os_windows.cpp:3303), pid=2928, tid=984
#
# JRE version:  (11.0.9.1+1) (build )
# Java VM: OpenJDK 64-Bit Server VM (11.0.9.1+1, mixed mode, sharing, tiered, compressed oops, g1 gc, windows-amd64)
# No core dump will be written. Minidumps are not enabled by default on client versions of Windows
#

---------------  S U M M A R Y ------------

Command Line: 

Host: Intel(R) Core(TM) i7-7700HQ CPU @ 2.80GHz, 8 cores, 15G,  Windows 10 , 64 bit Build 18362 (10.0.18362.1500)
Time: Sun Apr 18 10:09:46 2021 SE Asia Standard Time elapsed time: 0.029831 seconds (0d 0h 0m 0s)

---------------  T H R E A D  ---------------

Current thread (0x000002053438c000):  JavaThread "Unknown thread" [_thread_in_vm, id=984, stack(0x000000eb1a900000,0x000000eb1aa00000)]

Stack: [0x000000eb1a900000,0x000000eb1aa00000]
Native frames: (J=compiled Java code, j=interpreted, Vv=VM code, C=native code)
V  [jvm.dll+0x5f465a]
V  [jvm.dll+0x77c78e]
V  [jvm.dll+0x77de5f]
V  [jvm.dll+0x77e523]
V  [jvm.dll+0x2477c8]
V  [jvm.dll+0x5f18ba]
V  [jvm.dll+0x5e6505]
V  [jvm.dll+0x2fca8c]
V  [jvm.dll+0x2fc912]
V  [jvm.dll+0x3015c6]
V  [jvm.dll+0x345e3f]
V  [jvm.dll+0x345870]
V  [jvm.dll+0x2d9ce8]
V  [jvm.dll+0x2dae36]
V  [jvm.dll+0x758137]
V  [jvm.dll+0x7598bf]
V  [jvm.dll+0x352c39]
V  [jvm.dll+0x73b3c0]
V  [jvm.dll+0x3ba30f]
V  [jvm.dll+0x3bc7b1]
C  [jli.dll+0x520b]
C  [ucrtbase.dll+0x210b2]
C  [KERNEL32.DLL+0x17c24]
C  [ntdll.dll+0x6d721]


---------------  P R O C E S S  ---------------

Threads class SMR info:
_java_thread_list=0x00000205321cf490, length=0, elements={
}

Java Threads: ( => current thread )

Other Threads:
  0x00000205343a3800 GCTaskThread "GC Thread#0" [stack: 0x000000eb1aa00000,0x000000eb1ab00000] [id=18116]
  0x0000020534402800 ConcurrentGCThread "G1 Main Marker" [stack: 0x000000eb1ab00000,0x000000eb1ac00000] [id=15988]
  0x0000020534404000 ConcurrentGCThread "G1 Conc#0" [stack: 0x000000eb1ac00000,0x000000eb1ad00000] [id=12156]

[error occurred during error reporting (printing all threads), id 0xc0000005, EXCEPTION_ACCESS_VIOLATION (0xc0000005) at pc=0x00007ffc0fd99367]

VM state:not at safepoint (not fully initialized)

VM Mutex/Monitor currently owned by a thread:  ([mutex/lock_event])
[0x0000020534386c80] Heap_lock - owner thread: 0x000002053438c000

Heap address: 0x0000000702000000, size: 4064 MB, Compressed Oops mode: Non-zero based: 0x0000000702000000
Narrow klass base: 0x0000000000000000, Narrow klass shift: 0

GC Heap History (0 events):
No events

Deoptimization events (0 events):
No events

Classes redefined (0 events):
No events

Internal exceptions (0 events):
No events

Events (1 events):
Event: 0.022 Loaded shared library C:\Program Files\AdoptOpenJDK\jdk-11.0.9.101-hotspot\bin\zip.dll


Dynamic libraries:
0x00007ff7f9730000 - 0x00007ff7f973d000 	C:\Program Files\AdoptOpenJDK\jdk-11.0.9.101-hotspot\bin\java.exe
0x00007ffc3e200000 - 0x00007ffc3e3f0000 	C:\WINDOWS\SYSTEM32\ntdll.dll
0x00007ffc3c440000 - 0x00007ffc3c4f2000 	C:\WINDOWS\System32\KERNEL32.DLL
0x00007ffc3b2e0000 - 0x00007ffc3b585000 	C:\WINDOWS\System32\KERNELBASE.dll
0x00007ffc3b1c0000 - 0x00007ffc3b2ba000 	C:\WINDOWS\System32\ucrtbase.dll
0x00007ffc2d830000 - 0x00007ffc2d845000 	C:\Program Files\AdoptOpenJDK\jdk-11.0.9.101-hotspot\bin\VCRUNTIME140.dll
0x00007ffc30aa0000 - 0x00007ffc30ab7000 	C:\Program Files\AdoptOpenJDK\jdk-11.0.9.101-hotspot\bin\jli.dll
0x00007ffc3c9a0000 - 0x00007ffc3cb34000 	C:\WINDOWS\System32\USER32.dll
0x00007ffc3c170000 - 0x00007ffc3c191000 	C:\WINDOWS\System32\win32u.dll
0x00007ffc3dd20000 - 0x00007ffc3dd46000 	C:\WINDOWS\System32\GDI32.dll
0x00007ffc3b650000 - 0x00007ffc3b7e8000 	C:\WINDOWS\System32\gdi32full.dll
0x00007ffc2f260000 - 0x00007ffc2f4e4000 	C:\WINDOWS\WinSxS\amd64_microsoft.windows.common-controls_6595b64144ccf1df_6.0.18362.1500_none_9e79be6de462295c\COMCTL32.dll
0x00007ffc3c0d0000 - 0x00007ffc3c16e000 	C:\WINDOWS\System32\msvcp_win.dll
0x00007ffc3c330000 - 0x00007ffc3c3ce000 	C:\WINDOWS\System32\msvcrt.dll
0x00007ffc3cca0000 - 0x00007ffc3cfd6000 	C:\WINDOWS\System32\combase.dll
0x00007ffc3d0b0000 - 0x00007ffc3d1cf000 	C:\WINDOWS\System32\RPCRT4.dll
0x00007ffc3b5c0000 - 0x00007ffc3b641000 	C:\WINDOWS\System32\bcryptPrimitives.dll
0x00007ffc3c620000 - 0x00007ffc3c64e000 	C:\WINDOWS\System32\IMM32.DLL
0x00007ffc21ad0000 - 0x00007ffc21b6b000 	C:\Program Files\AdoptOpenJDK\jdk-11.0.9.101-hotspot\bin\msvcp140.dll
0x00007ffc0fab0000 - 0x00007ffc105f3000 	C:\Program Files\AdoptOpenJDK\jdk-11.0.9.101-hotspot\bin\server\jvm.dll
0x00007ffc3dbc0000 - 0x00007ffc3dc63000 	C:\WINDOWS\System32\ADVAPI32.dll
0x00007ffc3c580000 - 0x00007ffc3c617000 	C:\WINDOWS\System32\sechost.dll
0x00007ffc3c430000 - 0x00007ffc3c438000 	C:\WINDOWS\System32\PSAPI.DLL
0x00007ffc30a10000 - 0x00007ffc30a19000 	C:\WINDOWS\SYSTEM32\WSOCK32.dll
0x00007ffc3d3e0000 - 0x00007ffc3d44f000 	C:\WINDOWS\System32\WS2_32.dll
0x00007ffc30b40000 - 0x00007ffc30b64000 	C:\WINDOWS\SYSTEM32\WINMM.dll
0x00007ffc356c0000 - 0x00007ffc356ca000 	C:\WINDOWS\SYSTEM32\VERSION.dll
0x00007ffc30b10000 - 0x00007ffc30b3d000 	C:\WINDOWS\SYSTEM32\winmmbase.dll
0x00007ffc3b170000 - 0x00007ffc3b1ba000 	C:\WINDOWS\System32\cfgmgr32.dll
0x00007ffc3b0c0000 - 0x00007ffc3b0d1000 	C:\WINDOWS\System32\kernel.appcore.dll
0x00007ffc348b0000 - 0x00007ffc348c0000 	C:\Program Files\AdoptOpenJDK\jdk-11.0.9.101-hotspot\bin\verify.dll
0x00007ffc286a0000 - 0x00007ffc28894000 	C:\WINDOWS\SYSTEM32\DBGHELP.DLL
0x00007ffc28610000 - 0x00007ffc2863a000 	C:\WINDOWS\SYSTEM32\dbgcore.DLL
0x00007ffc2d800000 - 0x00007ffc2d828000 	C:\Program Files\AdoptOpenJDK\jdk-11.0.9.101-hotspot\bin\java.dll
0x00007ffc2d7f0000 - 0x00007ffc2d7fa000 	C:\Program Files\AdoptOpenJDK\jdk-11.0.9.101-hotspot\bin\jimage.dll
0x00007ffc2d7d0000 - 0x00007ffc2d7e7000 	C:\Program Files\AdoptOpenJDK\jdk-11.0.9.101-hotspot\bin\zip.dll

dbghelp: loaded successfully - version: 4.0.5 - missing functions: none
symbol engine: initialized successfully - sym options: 0x614 - pdb path: .;C:\Program Files\AdoptOpenJDK\jdk-11.0.9.101-hotspot\bin;C:\WINDOWS\SYSTEM32;C:\WINDOWS\WinSxS\amd64_microsoft.windows.common-controls_6595b64144ccf1df_6.0.18362.1500_none_9e79be6de462295c;C:\Program Files\AdoptOpenJDK\jdk-11.0.9.101-hotspot\bin\server

VM Arguments:
java_command: <unknown>
java_class_path (initial): <not set>
Launcher Type: SUN_STANDARD

[Global flags]
     intx CICompilerCount                          = 4                                         {product} {ergonomic}
     uint ConcGCThreads                            = 2                                         {product} {ergonomic}
     uint G1ConcRefinementThreads                  = 8                                         {product} {ergonomic}
   size_t G1HeapRegionSize                         = 1048576                                   {product} {ergonomic}
    uintx GCDrainStackTargetSize                   = 64                                        {product} {ergonomic}
   size_t InitialHeapSize                          = 266338304                                 {product} {ergonomic}
   size_t MarkStackSize                            = 4194304                                   {product} {ergonomic}
   size_t MaxHeapSize                              = 4261412864                                {product} {ergonomic}
   size_t MinHeapDeltaBytes                        = 1048576                                   {product} {ergonomic}
    uintx NonNMethodCodeHeapSize                   = 5836300                                {pd product} {ergonomic}
    uintx NonProfiledCodeHeapSize                  = 122910970                              {pd product} {ergonomic}
    uintx ProfiledCodeHeapSize                     = 122910970                              {pd product} {ergonomic}
    uintx ReservedCodeCacheSize                    = 251658240                              {pd product} {ergonomic}
     bool SegmentedCodeCache                       = true                                      {product} {ergonomic}
     bool UseCompressedClassPointers               = true                                 {lp64_product} {ergonomic}
     bool UseCompressedOops                        = true                                 {lp64_product} {ergonomic}
     bool UseG1GC                                  = true                                      {product} {ergonomic}
     bool UseLargePagesIndividualAllocation        = false                                  {pd product} {ergonomic}

Logging:
Log output configuration:
 #0: stdout all=warning uptime,level,tags
 #1: stderr all=off uptime,level,tags

Environment Variables:
PATH=C:\Program Files\AdoptOpenJDK\jdk-11.0.9.101-hotspot\bin;C:\Program Files\Common Files\Oracle\Java\javapath;C:\WINDOWS\system32;C:\WINDOWS;C:\WINDOWS\System32\Wbem;C:\WINDOWS\System32\WindowsPowerShell\v1.0\;C:\WINDOWS\System32\OpenSSH\;C:\Program Files (x86)\NVIDIA Corporation\PhysX\Common;C:\Program Files\NVIDIA Corporation\NVIDIA NvDLISR;E:\Git\cmd;C:\Program Files (x86)\Microsoft SQL Server\100\Tools\Binn\;C:\Program Files\Microsoft SQL Server\100\Tools\Binn\;C:\Program Files\Microsoft SQL Server\100\DTS\Binn\;C:\xampp\php;C:\Users\SaKuRaSou\AppData\Local\Microsoft\WindowsApps;E:\Microsoft VS Code\bin;E:\flutter\bin;C:\Users\SaKuRaSou\AppData\Local\Android\Sdk\tools;C:\Users\SaKuRaSou\AppData\Local\Android\Sdk\tools\bin;C:\Users\SaKuRaSou\AppData\Local\Android\Sdk\platform-tools;;E:\flutter\bin\mingit\cmd
USERNAME=SaKuRaSou
LANG=en_US.UTF-8
OS=Windows_NT
PROCESSOR_IDENTIFIER=Intel64 Family 6 Model 158 Stepping 9, GenuineIntel



---------------  S Y S T E M  ---------------

OS: Windows 10 , 64 bit Build 18362 (10.0.18362.1500)
OS uptime: 1 days 18:39 hours

CPU:total 8 (initial active 8) (4 cores per cpu, 2 threads per core) family 6 model 158 stepping 9, cmov, cx8, fxsr, mmx, sse, sse2, sse3, ssse3, sse4.1, sse4.2, popcnt, avx, avx2, aes, clmul, erms, 3dnowpref, lzcnt, ht, tsc, tscinvbit, bmi1, bmi2, adx, fma

Memory: 4k page, system-wide physical 16252M (723M free)
TotalPageFile size 31438M (AvailPageFile size 78M)
current process WorkingSet (physical memory assigned to process): 10M, peak: 10M
current process commit charge ("private bytes"): 60M, peak: 314M

vm_info: OpenJDK 64-Bit Server VM (11.0.9.1+1) for windows-amd64 JRE (11.0.9.1+1), built on Nov 10 2020 15:18:49 by "" with MS VC++ 15.9 (VS2017)

END.
